Build started 2015/1/1 22:01:20.
     1>Project "D:\Code\tcp_server\tcp_server\tcp_server.vcxproj" on node 2 (build target(s)).
     1>InitializeBuildStatus:
         Touching "Debug\tcp_server.unsuccessfulbuild".
       ClCompile:
         All outputs are up-to-date.
         d:\Program Files (x86)\Microsoft Visual Studio 10.0\VC\bin\CL.exe /c /ZI /nologo /W3 /WX- /Od /Oy- /D WIN32 /D _DEBUG /D _CONSOLE /D _UNICODE /D UNICODE /Gm /EHsc /RTC1 /MTd /GS /fp:precise /Zc:wchar_t /Zc:forScope /Yu"StdAfx.h" /Fp"Debug\tcp_server.pch" /Fo"Debug\\" /Fd"Debug\vc100.pdb" /Gd /TP /analyze- /errorReport:prompt tcp_server.cpp
         tcp_server.cpp
     1>d:\code\tcp_server\tcp_server\tcp_server.cpp(43): warning C4996: 'sprintf': This function or variable may be unsafe. Consider using sprintf_s instead. To disable deprecation, use _CRT_SECURE_NO_WARNINGS. See online help for details.
                 d:\program files (x86)\microsoft visual studio 10.0\vc\include\stdio.h(371) : see declaration of 'sprintf'
       ManifestResourceCompile:
         All outputs are up-to-date.
       Link:
         d:\Program Files (x86)\Microsoft Visual Studio 10.0\VC\bin\link.exe /ERRORREPORT:PROMPT /OUT:"D:\Code\tcp_server\Debug\tcp_server.exe" /INCREMENTAL /NOLOGO /LIBPATH:ws2_32.lib kernel32.lib user32.lib gdi32.lib winspool.lib comdlg32.lib advapi32.lib shell32.lib ole32.lib oleaut32.lib uuid.lib odbc32.lib odbccp32.lib /MANIFEST /ManifestFile:"Debug\tcp_server.exe.intermediate.manifest" /MANIFESTUAC:"level='asInvoker' uiAccess='false'" /DEBUG /PDB:"D:\Code\tcp_server\Debug\tcp_server.pdb" /SUBSYSTEM:CONSOLE /TLBID:1 /DYNAMICBASE /NXCOMPAT /IMPLIB:"D:\Code\tcp_server\Debug\tcp_server.lib" /MACHINE:X86 Debug\tcp_server.exe.embed.manifest.res
         Debug\stdafx.obj
         Debug\tcp_server.obj
       Manifest:
         C:\Program Files (x86)\Microsoft SDKs\Windows\v7.0A\bin\mt.exe /nologo /verbose /out:"Debug\tcp_server.exe.embed.manifest" /manifest Debug\tcp_server.exe.intermediate.manifest
         All outputs are up-to-date.
       LinkEmbedManifest:
         All outputs are up-to-date.
         tcp_server.vcxproj -> D:\Code\tcp_server\Debug\tcp_server.exe
       FinalizeBuildStatus:
         Deleting file "Debug\tcp_server.unsuccessfulbuild".
         Touching "Debug\tcp_server.lastbuildstate".
     1>Done Building Project "D:\Code\tcp_server\tcp_server\tcp_server.vcxproj" (build target(s)).

Build succeeded.

Time Elapsed 00:00:05.76
